<?xml version="1.0" encoding="UTF-8"?>
<!-- Generated by org.testng.reporters.JUnitXMLReporter -->
<testsuite ignored="0" hostname="akshathkaushal-Latitude-5420" failures="0" tests="4" name="Surefire test" time="0.431" errors="0" timestamp="2022-04-12T22:46:26 IST">
  <testcase classname="CalculatorTest" name="squareRootTest on squareRootTest(CalculatorTest)" time="0.383"/>
  <testcase classname="CalculatorTest" name="factorialTest on factorialTest(CalculatorTest)" time="0.382"/>
  <testcase classname="CalculatorTest" name="powerTest on powerTest(CalculatorTest)" time="0.383"/>
  <testcase classname="CalculatorTest" name="naturalLogTest on naturalLogTest(CalculatorTest)" time="0.384"/>
</testsuite> <!-- Surefire test -->
