<?xml version="1.0" encoding="UTF-8"?>
<!-- Generated by org.testng.reporters.JUnitXMLReporter -->
<testsuite ignored="0" hostname="akshathkaushal-Latitude-5420" failures="0" tests="4" name="Surefire test" time="0.386" errors="0" timestamp="2022-04-13T21:17:28 IST">
  <testcase classname="CalculatorTest" name="squareRootTest on squareRootTest(CalculatorTest)" time="0.351"/>
  <testcase classname="CalculatorTest" name="factorialTest on factorialTest(CalculatorTest)" time="0.351"/>
  <testcase classname="CalculatorTest" name="powerTest on powerTest(CalculatorTest)" time="0.352"/>
  <testcase classname="CalculatorTest" name="naturalLogTest on naturalLogTest(CalculatorTest)" time="0.352"/>
</testsuite> <!-- Surefire test -->
