<?xml version="1.0" encoding="UTF-8"?>
<testsuite xmlns:xsi="http://www.w3.org/2001/XMLSchema-instance" xsi:noNamespaceSchemaLocation="https://maven.apache.org/surefire/maven-surefire-plugin/xsd/surefire-test-report-3.0.xsd" version="3.0" name="CalculatorTest" time="0.523" tests="4" errors="0" skipped="0" failures="0">
  <properties>
[...]
</properties>
  <testcase name="squareRootTest on squareRootTest(CalculatorTest)" classname="CalculatorTest" time="0.314"/>
  <testcase name="factorialTest on factorialTest(CalculatorTest)" classname="CalculatorTest" time="0"/>
  <testcase name="powerTest on powerTest(CalculatorTest)" classname="CalculatorTest" time="0"/>
  <testcase name="naturalLogTest on naturalLogTest(CalculatorTest)" classname="CalculatorTest" time="0"/>
</testsuite>